# JRE version: OpenJDK Runtime Environment (8.0_212-b04) (build 1.8.0_212-release-1586-b04)
# Java VM: OpenJDK 64-Bit Server VM (25.212-b04 mixed mode windows-amd64 compressed oops)
Heap:
 PSYoungGen      total 106496K, used 48626K [0x000000076b600000, 0x0000000772a00000, 0x00000007c0000000)
  eden space 95744K, 39% used [0x000000076b600000,0x000000076db02ed0,0x0000000771380000)
  from space 10752K, 99% used [0x0000000771e00000,0x0000000772879a70,0x0000000772880000)
  to   space 10752K, 0% used [0x0000000771380000,0x0000000771380000,0x0000000771e00000)
 ParOldGen       total 186880K, used 44656K [0x00000006c2200000, 0x00000006cd880000, 0x000000076b600000)
  object space 186880K, 23% used [0x00000006c2200000,0x00000006c4d9c240,0x00000006cd880000)
 Metaspace       used 51981K, capacity 52892K, committed 53248K, reserved 1095680K
  class space    used 6367K, capacity 6603K, committed 6656K, reserved 1048576K
GC Heap History (10 events):
Event: 3.382 GC heap before
{Heap before GC invocations=4 (full 1):
 PSYoungGen      total 75776K, used 65024K [0x000000076b600000, 0x0000000774a00000, 0x00000007c0000000)
  eden space 65024K, 100% used [0x000000076b600000,0x000000076f580000,0x000000076f580000)
  from space 10752K, 0% used [0x0000000770000000,0x0000000770000000,0x0000000770a80000)
  to   space 10752K, 0% used [0x000000076f580000,0x000000076f580000,0x0000000770000000)
 ParOldGen       total 114688K, used 8831K [0x00000006c2200000, 0x00000006c9200000, 0x000000076b600000)
  object space 114688K, 7% used [0x00000006c2200000,0x00000006c2a9fea8,0x00000006c9200000)
 Metaspace       used 29870K, capacity 30356K, committed 30720K, reserved 1075200K
  class space    used 3844K, capacity 3994K, committed 4096K, reserved 1048576K
Event: 3.402 GC heap after
Heap after GC invocations=4 (full 1):
 PSYoungGen      total 75776K, used 10729K [0x000000076b600000, 0x0000000772880000, 0x00000007c0000000)
  eden space 65024K, 0% used [0x000000076b600000,0x000000076b600000,0x000000076f580000)
  from space 10752K, 99% used [0x000000076f580000,0x000000076fffa438,0x0000000770000000)
  to   space 10752K, 0% used [0x0000000771e00000,0x0000000771e00000,0x0000000772880000)
 ParOldGen       total 114688K, used 14824K [0x00000006c2200000, 0x00000006c9200000, 0x000000076b600000)
  object space 114688K, 12% used [0x00000006c2200000,0x00000006c307a328,0x00000006c9200000)
 Metaspace       used 29870K, capacity 30356K, committed 30720K, reserved 1075200K
  class space    used 3844K, capacity 3994K, committed 4096K, reserved 1048576K
}
Event: 4.036 GC heap before
{Heap before GC invocations=5 (full 1):
 PSYoungGen      total 75776K, used 38422K [0x000000076b600000, 0x0000000772880000, 0x00000007c0000000)
  eden space 65024K, 42% used [0x000000076b600000,0x000000076d10b7a0,0x000000076f580000)
  from space 10752K, 99% used [0x000000076f580000,0x000000076fffa438,0x0000000770000000)
  to   space 10752K, 0% used [0x0000000771e00000,0x0000000771e00000,0x0000000772880000)
 ParOldGen       total 114688K, used 14824K [0x00000006c2200000, 0x00000006c9200000, 0x000000076b600000)
  object space 114688K, 12% used [0x00000006c2200000,0x00000006c307a328,0x00000006c9200000)
 Metaspace       used 34791K, capacity 35334K, committed 35496K, reserved 1081344K
  class space    used 4473K, capacity 4604K, committed 4608K, reserved 1048576K
Event: 4.050 GC heap after
Heap after GC invocations=5 (full 1):
 PSYoungGen      total 106496K, used 10748K [0x000000076b600000, 0x0000000772a00000, 0x00000007c0000000)
  eden space 95744K, 0% used [0x000000076b600000,0x000000076b600000,0x0000000771380000)
  from space 10752K, 99% used [0x0000000771e00000,0x000000077287f3d0,0x0000000772880000)
  to   space 10752K, 0% used [0x0000000771380000,0x0000000771380000,0x0000000771e00000)
 ParOldGen       total 114688K, used 17731K [0x00000006c2200000, 0x00000006c9200000, 0x000000076b600000)
  object space 114688K, 15% used [0x00000006c2200000,0x00000006c3350cb0,0x00000006c9200000)
 Metaspace       used 34791K, capacity 35334K, committed 35496K, reserved 1081344K
  class space    used 4473K, capacity 4604K, committed 4608K, reserved 1048576K
}
Event: 4.050 GC heap before
{Heap before GC invocations=6 (full 2):
 PSYoungGen      total 106496K, used 10748K [0x000000076b600000, 0x0000000772a00000, 0x00000007c0000000)
  eden space 95744K, 0% used [0x000000076b600000,0x000000076b600000,0x0000000771380000)
  from space 10752K, 99% used [0x0000000771e00000,0x000000077287f3d0,0x0000000772880000)
  to   space 10752K, 0% used [0x0000000771380000,0x0000000771380000,0x0000000771e00000)
 ParOldGen       total 114688K, used 17731K [0x00000006c2200000, 0x00000006c9200000, 0x000000076b600000)
  object space 114688K, 15% used [0x00000006c2200000,0x00000006c3350cb0,0x00000006c9200000)
 Metaspace       used 34791K, capacity 35334K, committed 35496K, reserved 1081344K
  class space    used 4473K, capacity 4604K, committed 4608K, reserved 1048576K
Event: 4.115 GC heap after
Heap after GC invocations=6 (full 2):
 PSYoungGen      total 106496K, used 0K [0x000000076b600000, 0x0000000772a00000, 0x00000007c0000000)
  eden space 95744K, 0% used [0x000000076b600000,0x000000076b600000,0x0000000771380000)
  from space 10752K, 0% used [0x0000000771e00000,0x0000000771e00000,0x0000000772880000)
  to   space 10752K, 0% used [0x0000000771380000,0x0000000771380000,0x0000000771e00000)
 ParOldGen       total 186880K, used 18922K [0x00000006c2200000, 0x00000006cd880000, 0x000000076b600000)
  object space 186880K, 10% used [0x00000006c2200000,0x00000006c347a9c0,0x00000006cd880000)
 Metaspace       used 34791K, capacity 35334K, committed 35496K, reserved 1081344K
  class space    used 4473K, capacity 4604K, committed 4608K, reserved 1048576K
}
Event: 5.761 GC heap before
{Heap before GC invocations=7 (full 2):
 PSYoungGen      total 106496K, used 95744K [0x000000076b600000, 0x0000000772a00000, 0x00000007c0000000)
  eden space 95744K, 100% used [0x000000076b600000,0x0000000771380000,0x0000000771380000)
  from space 10752K, 0% used [0x0000000771e00000,0x0000000771e00000,0x0000000772880000)
  to   space 10752K, 0% used [0x0000000771380000,0x0000000771380000,0x0000000771e00000)
 ParOldGen       total 186880K, used 18922K [0x00000006c2200000, 0x00000006cd880000, 0x000000076b600000)
  object space 186880K, 10% used [0x00000006c2200000,0x00000006c347a9c0,0x00000006cd880000)
 Metaspace       used 45263K, capacity 46030K, committed 46336K, reserved 1089536K
  class space    used 5879K, capacity 6092K, committed 6144K, reserved 1048576K
Event: 5.784 GC heap after
Heap after GC invocations=7 (full 2):
 PSYoungGen      total 106496K, used 10736K [0x000000076b600000, 0x0000000772a00000, 0x00000007c0000000)
  eden space 95744K, 0% used [0x000000076b600000,0x000000076b600000,0x0000000771380000)
  from space 10752K, 99% used [0x0000000771380000,0x0000000771dfc1d0,0x0000000771e00000)
  to   space 10752K, 0% used [0x0000000771e00000,0x0000000771e00000,0x0000000772880000)
 ParOldGen       total 186880K, used 29141K [0x00000006c2200000, 0x00000006cd880000, 0x000000076b600000)
  object space 186880K, 15% used [0x00000006c2200000,0x00000006c3e75658,0x00000006cd880000)
 Metaspace       used 45263K, capacity 46030K, committed 46336K, reserved 1089536K
  class space    used 5879K, capacity 6092K, committed 6144K, reserved 1048576K
}
Event: 7.933 GC heap before
{Heap before GC invocations=8 (full 2):
 PSYoungGen      total 106496K, used 106480K [0x000000076b600000, 0x0000000772a00000, 0x00000007c0000000)
  eden space 95744K, 100% used [0x000000076b600000,0x0000000771380000,0x0000000771380000)
  from space 10752K, 99% used [0x0000000771380000,0x0000000771dfc1d0,0x0000000771e00000)
  to   space 10752K, 0% used [0x0000000771e00000,0x0000000771e00000,0x0000000772880000)
 ParOldGen       total 186880K, used 29141K [0x00000006c2200000, 0x00000006cd880000, 0x000000076b600000)
  object space 186880K, 15% used [0x00000006c2200000,0x00000006c3e75658,0x00000006cd880000)
 Metaspace       used 50595K, capacity 51556K, committed 51968K, reserved 1095680K
  class space    used 6298K, capacity 6555K, committed 6656K, reserved 1048576K
Event: 7.967 GC heap after
Heap after GC invocations=8 (full 2):
 PSYoungGen      total 106496K, used 10726K [0x000000076b600000, 0x0000000772a00000, 0x00000007c0000000)
  eden space 95744K, 0% used [0x000000076b600000,0x000000076b600000,0x0000000771380000)
  from space 10752K, 99% used [0x0000000771e00000,0x0000000772879a70,0x0000000772880000)
  to   space 10752K, 0% used [0x0000000771380000,0x0000000771380000,0x0000000771e00000)
 ParOldGen       total 186880K, used 44656K [0x00000006c2200000, 0x00000006cd880000, 0x000000076b600000)
  object space 186880K, 23% used [0x00000006c2200000,0x00000006c4d9c240,0x00000006cd880000)
 Metaspace       used 50595K, capacity 51556K, committed 51968K, reserved 1095680K
  class space    used 6298K, capacity 6555K, committed 6656K, reserved 1048576K
}

